<?xml version="1.0" encoding="UTF-8"?>
<!-- Generated by org.testng.reporters.JUnitXMLReporter -->
<testsuite ignored="14" hostname="SUNIL-HPZ400" failures="0" tests="1" name="Regression Test-Firefox" time="14.801" errors="0" timestamp="2021-06-12T08:46:54 GST">
  <testcase classname="test.SearchResultTest" name="verifyLabel" time="2.428"/>
  <testcase classname="test.ProductTest" name="priceSliderTest" time="0.0">
    <ignored/>
  </testcase> <!-- priceSliderTest -->
  <testcase classname="test.ProductTest" name="priceDropdownTest" time="0.0">
    <ignored/>
  </testcase> <!-- priceDropdownTest -->
  <testcase classname="test.Base" name="@BeforeTest beforeTest" time="0.0">
    <ignored/>
  </testcase> <!-- @BeforeTest beforeTest -->
  <testcase classname="test.Base" name="@BeforeTest beforeTest" time="0.0">
    <ignored/>
  </testcase> <!-- @BeforeTest beforeTest -->
  <testcase classname="test.ProductTest" name="searchTest" time="0.0">
    <ignored/>
  </testcase> <!-- searchTest -->
  <testcase classname="test.Base" name="@BeforeTest closeModal" time="0.0">
    <ignored/>
  </testcase> <!-- @BeforeTest closeModal -->
  <testcase classname="test.Base" name="@BeforeTest closeModal" time="0.0">
    <ignored/>
  </testcase> <!-- @BeforeTest closeModal -->
  <testcase classname="test.ProductTest" name="iframeTest" time="0.0">
    <ignored/>
  </testcase> <!-- iframeTest -->
  <testcase classname="test.ProductTest" name="viewDetailsTest" time="0.0">
    <ignored/>
  </testcase> <!-- viewDetailsTest -->
  <testcase classname="test.ProductTest" name="verifyPriceTest" time="0.0">
    <ignored/>
  </testcase> <!-- verifyPriceTest -->
  <testcase classname="test.Base" name="@AfterTest afterTest" time="0.0">
    <ignored/>
  </testcase> <!-- @AfterTest afterTest -->
  <testcase classname="test.Base" name="@AfterTest afterTest" time="0.0">
    <ignored/>
  </testcase> <!-- @AfterTest afterTest -->
  <testcase classname="test.ProductTest" name="pincodeTest" time="0.0">
    <ignored/>
  </testcase> <!-- pincodeTest -->
  <testcase classname="test.ProductTest" name="addToCartTest" time="0.0">
    <ignored/>
  </testcase> <!-- addToCartTest -->
</testsuite> <!-- Regression Test-Firefox -->
